#
# There is insufficient memory for the Java Runtime Environment to continue.
# Native memory allocation (mmap) failed to map 266338304 bytes for G1 virtual space
# Possible reasons:
#   The system is out of physical RAM or swap space
#   The process is running with CompressedOops enabled, and the Java Heap may be blocking the growth of the native heap
# Possible solutions:
#   Reduce memory load on the system
#   Increase physical memory or swap space
#   Check if swap backing store is full
#   Decrease Java heap size (-Xmx/-Xms)
#   Decrease number of Java threads
#   Decrease Java thread stack sizes (-Xss)
#   Set larger code cache with -XX:ReservedCodeCacheSize=
#   JVM is running with Zero Based Compressed Oops mode in which the Java heap is
#     placed in the first 32GB address space. The Java Heap base address is the
#     maximum limit for the native heap growth. Please use -XX:HeapBaseMinAddress
#     to set the Java Heap base and to place the Java Heap above 32GB virtual address.
# This output file may be truncated or incomplete.
#
#  Out of Memory Error (os_windows.cpp:3613), pid=14004, tid=7736
#
# JRE version:  (17.0.9+9) (build )
# Java VM: OpenJDK 64-Bit Server VM (17.0.9+9, mixed mode, sharing, tiered, compressed oops, compressed class ptrs, g1 gc, windows-amd64)
# No core dump will be written. Minidumps are not enabled by default on client versions of Windows
#

---------------  S U M M A R Y ------------

Command Line: -Dclassworlds.conf=C:\Program Files\apache-maven-3.9.9\bin\m2.conf -Dmaven.home=C:\Program Files\apache-maven-3.9.9 -Dlibrary.jansi.path=C:\Program Files\apache-maven-3.9.9\lib\jansi-native -Dmaven.multiModuleProjectDirectory=D:\DevTest\RealProject\Taskify\user-service org.codehaus.plexus.classworlds.launcher.Launcher spring-boot:run

Host: 11th Gen Intel(R) Core(TM) i5-11400H @ 2.70GHz, 12 cores, 15G,  Windows 11 , 64 bit Build 22621 (10.0.22621.4391)
Time: Sun Feb  9 15:45:52 2025 SE Asia Standard Time elapsed time: 0.010514 seconds (0d 0h 0m 0s)

---------------  T H R E A D  ---------------

Current thread (0x00000208832a1050):  JavaThread "Unknown thread" [_thread_in_vm, id=7736, stack(0x0000004389b00000,0x0000004389c00000)]

Stack: [0x0000004389b00000,0x0000004389c00000]
Native frames: (J=compiled Java code, j=interpreted, Vv=VM code, C=native code)
V  [jvm.dll+0x67cf49]
V  [jvm.dll+0x83478a]
V  [jvm.dll+0x83624e]
V  [jvm.dll+0x8368b3]
V  [jvm.dll+0x247f1f]
V  [jvm.dll+0x679d69]
V  [jvm.dll+0x66e6ba]
V  [jvm.dll+0x307e5b]
V  [jvm.dll+0x30f306]
V  [jvm.dll+0x35f0ce]
V  [jvm.dll+0x35f2ff]
V  [jvm.dll+0x2dea58]
V  [jvm.dll+0x2df9c4]
V  [jvm.dll+0x806031]
V  [jvm.dll+0x36cf31]
V  [jvm.dll+0x7e4aac]
V  [jvm.dll+0x3f07af]
V  [jvm.dll+0x3f23e1]
C  [jli.dll+0x528f]
C  [ucrtbase.dll+0x29333]
C  [KERNEL32.DLL+0x1259d]
C  [ntdll.dll+0x5af38]


---------------  P R O C E S S  ---------------

Threads class SMR info:
_java_thread_list=0x00007fffc19fee98, length=0, elements={
}

Java Threads: ( => current thread )

Other Threads:
  0x000002088330b6e0 GCTaskThread "GC Thread#0" [stack: 0x0000004389c00000,0x0000004389d00000] [id=11036]
  0x000002088331d2d0 ConcurrentGCThread "G1 Main Marker" [stack: 0x0000004389d00000,0x0000004389e00000] [id=12668]
  0x000002088331dcf0 ConcurrentGCThread "G1 Conc#0" [stack: 0x0000004389e00000,0x0000004389f00000] [id=15636]

[error occurred during error reporting (printing all threads), id 0xc0000005, EXCEPTION_ACCESS_VIOLATION (0xc0000005) at pc=0x00007fffc11bf497]

VM state: not at safepoint (not fully initialized)

VM Mutex/Monitor currently owned by a thread:  ([mutex/lock_event])
[0x000002088109b9c0] Heap_lock - owner thread: 0x00000208832a1050

Heap address: 0x0000000703600000, size: 4042 MB, Compressed Oops mode: Zero based, Oop shift amount: 3

CDS archive(s) mapped at: [0x0000000000000000-0x0000000000000000-0x0000000000000000), size 0, SharedBaseAddress: 0x0000000800000000, ArchiveRelocationMode: 1.
Narrow klass base: 0x0000000000000000, Narrow klass shift: 0, Narrow klass range: 0x0

GC Precious Log:
<Empty>

Heap:
 garbage-first heap   total 0K, used 0K [0x0000000703600000, 0x0000000800000000)
  region size 2048K, 0 young (0K), 0 survivors (0K)

[error occurred during error reporting (printing heap information), id 0xc0000005, EXCEPTION_ACCESS_VIOLATION (0xc0000005) at pc=0x00007fffc15a6c79]

GC Heap History (0 events):
No events

Dll operation events (1 events):
Event: 0.007 Loaded shared library C:\Users\luuto\AppData\Local\Programs\Eclipse Adoptium\jdk-17.0.9.9-hotspot\bin\java.dll

Deoptimization events (0 events):
No events

Classes unloaded (0 events):
No events

Classes redefined (0 events):
No events

Internal exceptions (0 events):
No events

VM Operations (0 events):
No events

Events (0 events):
No events


Dynamic libraries:
0x00007ff6cbe40000 - 0x00007ff6cbe4e000 	C:\Users\luuto\AppData\Local\Programs\Eclipse Adoptium\jdk-17.0.9.9-hotspot\bin\java.exe
0x00007ff86a6d0000 - 0x00007ff86a8e7000 	C:\WINDOWS\SYSTEM32\ntdll.dll
0x00007ff868c10000 - 0x00007ff868cd4000 	C:\WINDOWS\System32\KERNEL32.DLL
0x00007ff867990000 - 0x00007ff867d4a000 	C:\WINDOWS\System32\KERNELBASE.dll
0x00007ff868240000 - 0x00007ff868351000 	C:\WINDOWS\System32\ucrtbase.dll
0x00007ff862430000 - 0x00007ff86244b000 	C:\Users\luuto\AppData\Local\Programs\Eclipse Adoptium\jdk-17.0.9.9-hotspot\bin\VCRUNTIME140.dll
0x00007ff85bb40000 - 0x00007ff85bb57000 	C:\Users\luuto\AppData\Local\Programs\Eclipse Adoptium\jdk-17.0.9.9-hotspot\bin\jli.dll
0x00007ff8684f0000 - 0x00007ff86869e000 	C:\WINDOWS\System32\USER32.dll
0x00007ff84a9c0000 - 0x00007ff84ac52000 	C:\WINDOWS\WinSxS\amd64_microsoft.windows.common-controls_6595b64144ccf1df_6.0.22621.4541_none_2710d1c57384c085\COMCTL32.dll
0x00007ff868360000 - 0x00007ff868386000 	C:\WINDOWS\System32\win32u.dll
0x00007ff86a320000 - 0x00007ff86a3c7000 	C:\WINDOWS\System32\msvcrt.dll
0x00007ff868b30000 - 0x00007ff868b59000 	C:\WINDOWS\System32\GDI32.dll
0x00007ff867d50000 - 0x00007ff867e6b000 	C:\WINDOWS\System32\gdi32full.dll
0x00007ff867ef0000 - 0x00007ff867f8a000 	C:\WINDOWS\System32\msvcp_win.dll
0x00007ff868b60000 - 0x00007ff868b91000 	C:\WINDOWS\System32\IMM32.DLL
0x00007ff863400000 - 0x00007ff86340c000 	C:\Users\luuto\AppData\Local\Programs\Eclipse Adoptium\jdk-17.0.9.9-hotspot\bin\vcruntime140_1.dll
0x00007ff82fc50000 - 0x00007ff82fcdd000 	C:\Users\luuto\AppData\Local\Programs\Eclipse Adoptium\jdk-17.0.9.9-hotspot\bin\msvcp140.dll
0x00007fffc0ed0000 - 0x00007fffc1b31000 	C:\Users\luuto\AppData\Local\Programs\Eclipse Adoptium\jdk-17.0.9.9-hotspot\bin\server\jvm.dll
0x00007ff8683c0000 - 0x00007ff868472000 	C:\WINDOWS\System32\ADVAPI32.dll
0x00007ff86a3e0000 - 0x00007ff86a487000 	C:\WINDOWS\System32\sechost.dll
0x00007ff868390000 - 0x00007ff8683b8000 	C:\WINDOWS\System32\bcrypt.dll
0x00007ff868850000 - 0x00007ff868964000 	C:\WINDOWS\System32\RPCRT4.dll
0x00007ff866800000 - 0x00007ff86684d000 	C:\WINDOWS\SYSTEM32\POWRPROF.dll
0x00007ff838c90000 - 0x00007ff838c99000 	C:\WINDOWS\SYSTEM32\WSOCK32.dll
0x00007ff85b990000 - 0x00007ff85b9c4000 	C:\WINDOWS\SYSTEM32\WINMM.dll
0x00007ff86a610000 - 0x00007ff86a681000 	C:\WINDOWS\System32\WS2_32.dll
0x00007ff85b6a0000 - 0x00007ff85b6aa000 	C:\WINDOWS\SYSTEM32\VERSION.dll
0x00007ff8667e0000 - 0x00007ff8667f3000 	C:\WINDOWS\SYSTEM32\UMPDC.dll
0x00007ff866ac0000 - 0x00007ff866ad8000 	C:\WINDOWS\SYSTEM32\kernel.appcore.dll
0x00007ff863370000 - 0x00007ff86337a000 	C:\Users\luuto\AppData\Local\Programs\Eclipse Adoptium\jdk-17.0.9.9-hotspot\bin\jimage.dll
0x00007ff864de0000 - 0x00007ff865012000 	C:\WINDOWS\SYSTEM32\DBGHELP.DLL
0x00007ff869cf0000 - 0x00007ff86a081000 	C:\WINDOWS\System32\combase.dll
0x00007ff8686a0000 - 0x00007ff868777000 	C:\WINDOWS\System32\OLEAUT32.dll
0x00007ff841bc0000 - 0x00007ff841bf2000 	C:\WINDOWS\SYSTEM32\dbgcore.DLL
0x00007ff867e70000 - 0x00007ff867eeb000 	C:\WINDOWS\System32\bcryptPrimitives.dll
0x00007ff8579b0000 - 0x00007ff8579d5000 	C:\Users\luuto\AppData\Local\Programs\Eclipse Adoptium\jdk-17.0.9.9-hotspot\bin\java.dll

dbghelp: loaded successfully - version: 4.0.5 - missing functions: none
symbol engine: initialized successfully - sym options: 0x614 - pdb path: .;C:\Users\luuto\AppData\Local\Programs\Eclipse Adoptium\jdk-17.0.9.9-hotspot\bin;C:\WINDOWS\SYSTEM32;C:\WINDOWS\WinSxS\amd64_microsoft.windows.common-controls_6595b64144ccf1df_6.0.22621.4541_none_2710d1c57384c085;C:\Users\luuto\AppData\Local\Programs\Eclipse Adoptium\jdk-17.0.9.9-hotspot\bin\server

VM Arguments:
jvm_args: -Dclassworlds.conf=C:\Program Files\apache-maven-3.9.9\bin\m2.conf -Dmaven.home=C:\Program Files\apache-maven-3.9.9 -Dlibrary.jansi.path=C:\Program Files\apache-maven-3.9.9\lib\jansi-native -Dmaven.multiModuleProjectDirectory=D:\DevTest\RealProject\Taskify\user-service 
java_command: org.codehaus.plexus.classworlds.launcher.Launcher spring-boot:run
java_class_path (initial): C:\Program Files\apache-maven-3.9.9\boot\plexus-classworlds-2.8.0.jar
Launcher Type: SUN_STANDARD

[Global flags]
     intx CICompilerCount                          = 4                                         {product} {ergonomic}
     uint ConcGCThreads                            = 3                                         {product} {ergonomic}
     uint G1ConcRefinementThreads                  = 10                                        {product} {ergonomic}
   size_t G1HeapRegionSize                         = 2097152                                   {product} {ergonomic}
    uintx GCDrainStackTargetSize                   = 64                                        {product} {ergonomic}
   size_t InitialHeapSize                          = 266338304                                 {product} {ergonomic}
   size_t MarkStackSize                            = 4194304                                   {product} {ergonomic}
   size_t MaxHeapSize                              = 4238344192                                {product} {ergonomic}
   size_t MinHeapDeltaBytes                        = 2097152                                   {product} {ergonomic}
   size_t MinHeapSize                              = 8388608                                   {product} {ergonomic}
    uintx NonNMethodCodeHeapSize                   = 5839372                                {pd product} {ergonomic}
    uintx NonProfiledCodeHeapSize                  = 122909434                              {pd product} {ergonomic}
    uintx ProfiledCodeHeapSize                     = 122909434                              {pd product} {ergonomic}
    uintx ReservedCodeCacheSize                    = 251658240                              {pd product} {ergonomic}
     bool SegmentedCodeCache                       = true                                      {product} {ergonomic}
   size_t SoftMaxHeapSize                          = 4238344192                             {manageable} {ergonomic}
     bool UseCompressedClassPointers               = true                           {product lp64_product} {ergonomic}
     bool UseCompressedOops                        = true                           {product lp64_product} {ergonomic}
     bool UseG1GC                                  = true                                      {product} {ergonomic}
     bool UseLargePagesIndividualAllocation        = false                                  {pd product} {ergonomic}

Logging:
Log output configuration:
 #0: stdout all=warning uptime,level,tags
 #1: stderr all=off uptime,level,tags

Environment Variables:
JAVA_HOME=C:\Users\luuto\AppData\Local\Programs\Eclipse Adoptium\jdk-17.0.9.9-hotspot\
PATH=D:\Windows Kits\bin\;C:\Program Files (x86)\Common Files\Oracle\Java\javapath;C:\Windows\system32;C:\Windows;C:\Windows\System32\Wbem;C:\Windows\System32\WindowsPowerShell\v1.0\;C:\Windows\System32\OpenSSH\;C:\Program Files (x86)\NVIDIA Corporation\PhysX\Common;C:\Program Files\NVIDIA Corporation\NVIDIA NvDLISR;C:\WINDOWS\system32;C:\WINDOWS;C:\WINDOWS\System32\Wbem;C:\WINDOWS\System32\WindowsPowerShell\v1.0\;C:\WINDOWS\System32\OpenSSH\;D:\DevSoftware\NodeJS\;C:\Program Files\Git\cmd;C:\Program Files\Azure Data Studio\bin;C:\Program Files\dotnet\;D:\DevSoftware\doxygen\bin;D:\Windows Kits\10\Windows Performance Toolkit\;C:\Program Files\MySQL\MySQL Server 8.0\bin;C:\Program Files (x86)\Microsoft SQL Server\160\DTS\Binn\;C:\Program Files (x86)\Microsoft SQL Server\160\Tools\Binn\;C:\Program Files\Microsoft SQL Server\160\Tools\Binn\;C:\Program Files\Microsoft SQL Server\Client SDK\ODBC\170\Tools\Binn\;C:\Program Files\Microsoft SQL Server\160\DTS\Binn\;D:\DevSoftware\StripeCLI;C:\Program Files\Microsoft SQL Server\150\Tools\Binn\;C:\Program Files\Docker\Docker\resources\bin;C:\Program Files\apache-maven-3.9.9\bin;C:\Program Files\MySQL\MySQL Shell 8.0\bin\;C:\Users\luuto\AppData\Local\Programs\Eclipse Adoptium\jdk-17.0.9.9-hotspot\bin;C:\Users\luuto\AppData\Local\Microsoft\WindowsApps;D:\DevSoftware\Microsoft VS Code\bin;C:\Users\luuto\AppData\Roaming\npm;D:\DevSoftware\NodeJS;D:\DevSoftware\NodeJS\node_modules\npm\bin;C:\ProgramData\luuto\GitHubDesktop\bin;C:\msys64\ucrt64\bin;C:\msys64\usr\bin;%MINGW_HOME%\bin;%MSYS_HOME%\bin;C:\Users\luuto\AppData\Local\Programs\oh-my-posh\bin;C:\Program Files\Azure Data Studio\bin;C:\Users\luuto\.dotnet\tools;D:\DevSoftware\Graphviz\bin;D:\DevSoftware\Rider\JetBrains Rider 2024.2.3\bin;;D:\DevSoftware\StripeCLI;;D:\DevSoftware\WebStorm 2024.2.4\bin;;D:\DevSoftware\IntelliJ\IntelliJ IDEA 2024.3.2\bin;
USERNAME=luuto
OS=Windows_NT
PROCESSOR_IDENTIFIER=Intel64 Family 6 Model 141 Stepping 1, GenuineIntel
TMP=C:\Users\luuto\AppData\Local\Temp
TEMP=C:\Users\luuto\AppData\Local\Temp



Periodic native trim disabled


---------------  S Y S T E M  ---------------

OS:
 Windows 11 , 64 bit Build 22621 (10.0.22621.4391)
OS uptime: 3 days 16:12 hours
Hyper-V role detected

CPU: total 12 (initial active 12) (6 cores per cpu, 2 threads per core) family 6 model 141 stepping 1 microcode 0x3c, cx8, cmov, fxsr, ht, mmx, 3dnowpref, sse, sse2, sse3, ssse3, sse4.1, sse4.2, popcnt, lzcnt, tsc, tscinvbit, avx, avx2, aes, erms, clmul, bmi1, bmi2, adx, avx512f, avx512dq, avx512cd, avx512bw, avx512vl, sha, fma, vzeroupper, avx512_vpopcntdq, avx512_vpclmulqdq, avx512_vaes, avx512_vnni, clflush, clflushopt, clwb, avx512_vbmi2, avx512_vbmi, hv
Processor Information for all 12 processors :
  Max Mhz: 2688, Current Mhz: 2688, Mhz Limit: 2688

Memory: 4k page, system-wide physical 16163M (764M free)
TotalPageFile size 28451M (AvailPageFile size 195M)
current process WorkingSet (physical memory assigned to process): 11M, peak: 11M
current process commit charge ("private bytes"): 64M, peak: 318M

vm_info: OpenJDK 64-Bit Server VM (17.0.9+9) for windows-amd64 JRE (17.0.9+9), built on Oct 26 2023 14:01:42 by "admin" with MS VC++ 16.10 / 16.11 (VS2019)

END.
